# JRE version: OpenJDK Runtime Environment (8.0_112-b06) (build 1.8.0_112-release-b06)
# Java VM: OpenJDK 64-Bit Server VM (25.112-b06 mixed mode windows-amd64 compressed oops)
Heap:
 PSYoungGen      total 308224K, used 303628K [0x00000000eab00000, 0x0000000100000000, 0x0000000100000000)
  eden space 280576K, 98% used [0x00000000eab00000,0x00000000fb8ad1b8,0x00000000fbd00000)
  from space 27648K, 99% used [0x00000000fbd00000,0x00000000fd7d5fd0,0x00000000fd800000)
  to   space 36864K, 0% used [0x00000000fdc00000,0x00000000fdc00000,0x0000000100000000)
 ParOldGen       total 118784K, used 37337K [0x00000000c0000000, 0x00000000c7400000, 0x00000000eab00000)
  object space 118784K, 31% used [0x00000000c0000000,0x00000000c2476580,0x00000000c7400000)
 Metaspace       used 65212K, capacity 67766K, committed 68096K, reserved 1107968K
  class space    used 8313K, capacity 8843K, committed 8960K, reserved 1048576K
GC Heap History (10 events):
Event: 34.441 GC heap before
{Heap before GC invocations=10 (full 2):
 PSYoungGen      total 181760K, used 181730K [0x00000000eab00000, 0x00000000fd500000, 0x0000000100000000)
  eden space 167936K, 100% used [0x00000000eab00000,0x00000000f4f00000,0x00000000f4f00000)
  from space 13824K, 99% used [0x00000000f4f00000,0x00000000f5c78ad0,0x00000000f5c80000)
  to   space 17408K, 0% used [0x00000000fc400000,0x00000000fc400000,0x00000000fd500000)
 ParOldGen       total 80896K, used 17998K [0x00000000c0000000, 0x00000000c4f00000, 0x00000000eab00000)
  object space 80896K, 22% used [0x00000000c0000000,0x00000000c1193b40,0x00000000c4f00000)
 Metaspace       used 52004K, capacity 53650K, committed 54016K, reserved 1095680K
  class space    used 6942K, capacity 7300K, committed 7424K, reserved 1048576K
Event: 34.482 GC heap after
Heap after GC invocations=10 (full 2):
 PSYoungGen      total 277504K, used 17386K [0x00000000eab00000, 0x00000000fda00000, 0x0000000100000000)
  eden space 260096K, 0% used [0x00000000eab00000,0x00000000eab00000,0x00000000fa900000)
  from space 17408K, 99% used [0x00000000fc400000,0x00000000fd4faa40,0x00000000fd500000)
  to   space 25088K, 0% used [0x00000000fa900000,0x00000000fa900000,0x00000000fc180000)
 ParOldGen       total 80896K, used 29772K [0x00000000c0000000, 0x00000000c4f00000, 0x00000000eab00000)
  object space 80896K, 36% used [0x00000000c0000000,0x00000000c1d131d8,0x00000000c4f00000)
 Metaspace       used 52004K, capacity 53650K, committed 54016K, reserved 1095680K
  class space    used 6942K, capacity 7300K, committed 7424K, reserved 1048576K
}
Event: 46.906 GC heap before
{Heap before GC invocations=11 (full 2):
 PSYoungGen      total 277504K, used 211592K [0x00000000eab00000, 0x00000000fda00000, 0x0000000100000000)
  eden space 260096K, 74% used [0x00000000eab00000,0x00000000f68a7660,0x00000000fa900000)
  from space 17408K, 99% used [0x00000000fc400000,0x00000000fd4faa40,0x00000000fd500000)
  to   space 25088K, 0% used [0x00000000fa900000,0x00000000fa900000,0x00000000fc180000)
 ParOldGen       total 80896K, used 29772K [0x00000000c0000000, 0x00000000c4f00000, 0x00000000eab00000)
  object space 80896K, 36% used [0x00000000c0000000,0x00000000c1d131d8,0x00000000c4f00000)
 Metaspace       used 57214K, capacity 59072K, committed 59136K, reserved 1099776K
  class space    used 7515K, capacity 7927K, committed 7936K, reserved 1048576K
Event: 46.970 GC heap after
Heap after GC invocations=11 (full 2):
 PSYoungGen      total 285184K, used 25010K [0x00000000eab00000, 0x0000000100000000, 0x0000000100000000)
  eden space 260096K, 0% used [0x00000000eab00000,0x00000000eab00000,0x00000000fa900000)
  from space 25088K, 99% used [0x00000000fa900000,0x00000000fc16c858,0x00000000fc180000)
  to   space 29184K, 0% used [0x00000000fe380000,0x00000000fe380000,0x0000000100000000)
 ParOldGen       total 80896K, used 29780K [0x00000000c0000000, 0x00000000c4f00000, 0x00000000eab00000)
  object space 80896K, 36% used [0x00000000c0000000,0x00000000c1d151d8,0x00000000c4f00000)
 Metaspace       used 57214K, capacity 59072K, committed 59136K, reserved 1099776K
  class space    used 7515K, capacity 7927K, committed 7936K, reserved 1048576K
}
Event: 46.970 GC heap before
{Heap before GC invocations=12 (full 3):
 PSYoungGen      total 285184K, used 25010K [0x00000000eab00000, 0x0000000100000000, 0x0000000100000000)
  eden space 260096K, 0% used [0x00000000eab00000,0x00000000eab00000,0x00000000fa900000)
  from space 25088K, 99% used [0x00000000fa900000,0x00000000fc16c858,0x00000000fc180000)
  to   space 29184K, 0% used [0x00000000fe380000,0x00000000fe380000,0x0000000100000000)
 ParOldGen       total 80896K, used 29780K [0x00000000c0000000, 0x00000000c4f00000, 0x00000000eab00000)
  object space 80896K, 36% used [0x00000000c0000000,0x00000000c1d151d8,0x00000000c4f00000)
 Metaspace       used 57214K, capacity 59072K, committed 59136K, reserved 1099776K
  class space    used 7515K, capacity 7927K, committed 7936K, reserved 1048576K
Event: 47.261 GC heap after
Heap after GC invocations=12 (full 3):
 PSYoungGen      total 285184K, used 0K [0x00000000eab00000, 0x0000000100000000, 0x0000000100000000)
  eden space 260096K, 0% used [0x00000000eab00000,0x00000000eab00000,0x00000000fa900000)
  from space 25088K, 0% used [0x00000000fa900000,0x00000000fa900000,0x00000000fc180000)
  to   space 29184K, 0% used [0x00000000fe380000,0x00000000fe380000,0x0000000100000000)
 ParOldGen       total 118784K, used 34494K [0x00000000c0000000, 0x00000000c7400000, 0x00000000eab00000)
  object space 118784K, 29% used [0x00000000c0000000,0x00000000c21af920,0x00000000c7400000)
 Metaspace       used 57213K, capacity 59066K, committed 59136K, reserved 1099776K
  class space    used 7514K, capacity 7926K, committed 7936K, reserved 1048576K
}
Event: 71.212 GC heap before
{Heap before GC invocations=13 (full 3):
 PSYoungGen      total 285184K, used 259363K [0x00000000eab00000, 0x0000000100000000, 0x0000000100000000)
  eden space 260096K, 99% used [0x00000000eab00000,0x00000000fa848e50,0x00000000fa900000)
  from space 25088K, 0% used [0x00000000fa900000,0x00000000fa900000,0x00000000fc180000)
  to   space 29184K, 0% used [0x00000000fe380000,0x00000000fe380000,0x0000000100000000)
 ParOldGen       total 118784K, used 34494K [0x00000000c0000000, 0x00000000c7400000, 0x00000000eab00000)
  object space 118784K, 29% used [0x00000000c0000000,0x00000000c21af920,0x00000000c7400000)
 Metaspace       used 62680K, capacity 64786K, committed 64896K, reserved 1105920K
  class space    used 8074K, capacity 8522K, committed 8576K, reserved 1048576K
Event: 71.249 GC heap after
Heap after GC invocations=13 (full 3):
 PSYoungGen      total 309760K, used 29173K [0x00000000eab00000, 0x0000000100000000, 0x0000000100000000)
  eden space 280576K, 0% used [0x00000000eab00000,0x00000000eab00000,0x00000000fbd00000)
  from space 29184K, 99% used [0x00000000fe380000,0x00000000ffffd498,0x0000000100000000)
  to   space 34304K, 0% used [0x00000000fbd00000,0x00000000fbd00000,0x00000000fde80000)
 ParOldGen       total 118784K, used 37329K [0x00000000c0000000, 0x00000000c7400000, 0x00000000eab00000)
  object space 118784K, 31% used [0x00000000c0000000,0x00000000c2474580,0x00000000c7400000)
 Metaspace       used 62680K, capacity 64786K, committed 64896K, reserved 1105920K
  class space    used 8074K, capacity 8522K, committed 8576K, reserved 1048576K
}
Event: 77.189 GC heap before
{Heap before GC invocations=14 (full 3):
 PSYoungGen      total 309760K, used 309749K [0x00000000eab00000, 0x0000000100000000, 0x0000000100000000)
  eden space 280576K, 100% used [0x00000000eab00000,0x00000000fbd00000,0x00000000fbd00000)
  from space 29184K, 99% used [0x00000000fe380000,0x00000000ffffd498,0x0000000100000000)
  to   space 34304K, 0% used [0x00000000fbd00000,0x00000000fbd00000,0x00000000fde80000)
 ParOldGen       total 118784K, used 37329K [0x00000000c0000000, 0x00000000c7400000, 0x00000000eab00000)
  object space 118784K, 31% used [0x00000000c0000000,0x00000000c2474580,0x00000000c7400000)
 Metaspace       used 64010K, capacity 66260K, committed 66304K, reserved 1107968K
  class space    used 8190K, capacity 8666K, committed 8704K, reserved 1048576K
Event: 77.235 GC heap after
Heap after GC invocations=14 (full 3):
 PSYoungGen      total 308224K, used 27479K [0x00000000eab00000, 0x0000000100000000, 0x0000000100000000)
  eden space 280576K, 0% used [0x00000000eab00000,0x00000000eab00000,0x00000000fbd00000)
  from space 27648K, 99% used [0x00000000fbd00000,0x00000000fd7d5fd0,0x00000000fd800000)
  to   space 36864K, 0% used [0x00000000fdc00000,0x00000000fdc00000,0x0000000100000000)
 ParOldGen       total 118784K, used 37337K [0x00000000c0000000, 0x00000000c7400000, 0x00000000eab00000)
  object space 118784K, 31% used [0x00000000c0000000,0x00000000c2476580,0x00000000c7400000)
 Metaspace       used 64010K, capacity 66260K, committed 66304K, reserved 1107968K
  class space    used 8190K, capacity 8666K, committed 8704K, reserved 1048576K
}

